d:\我的工作\仿真\fastcombatsimulation\aircombat_demo\debug\vc142.pdb
d:\我的工作\仿真\fastcombatsimulation\aircombat_demo\debug\vc142.idb
d:\我的工作\仿真\fastcombatsimulation\aircombat_demo\debug\tool_function.obj
d:\我的工作\仿真\fastcombatsimulation\aircombat_demo\debug\joysticks.obj
d:\我的工作\仿真\fastcombatsimulation\aircombat_demo\debug\coordinate.obj
d:\我的工作\仿真\fastcombatsimulation\aircombat_demo\debug\tacviewserver_t.obj
d:\我的工作\仿真\fastcombatsimulation\aircombat_demo\debug\tacviewoutput.obj
d:\我的工作\仿真\fastcombatsimulation\aircombat_demo\debug\tacviewfile_t.obj
d:\我的工作\仿真\fastcombatsimulation\aircombat_demo\debug\aircraft.obj
d:\我的工作\仿真\fastcombatsimulation\aircombat_demo\debug\aircombat_demo.obj
d:\我的工作\仿真\fastcombatsimulation\aircombat_demo\debug\missile.obj
d:\我的工作\仿真\fastcombatsimulation\debug\aircombat_demo.exe
d:\我的工作\仿真\fastcombatsimulation\debug\aircombat_demo.ilk
d:\我的工作\仿真\fastcombatsimulation\debug\aircombat_demo.pdb
d:\我的工作\仿真\fastcombatsimulation\aircombat_demo\debug\aircombat_demo.tlog\cl.command.1.tlog
d:\我的工作\仿真\fastcombatsimulation\aircombat_demo\debug\aircombat_demo.tlog\cl.read.1.tlog
d:\我的工作\仿真\fastcombatsimulation\aircombat_demo\debug\aircombat_demo.tlog\cl.write.1.tlog
d:\我的工作\仿真\fastcombatsimulation\aircombat_demo\debug\aircombat_demo.tlog\link.command.1.tlog
d:\我的工作\仿真\fastcombatsimulation\aircombat_demo\debug\aircombat_demo.tlog\link.read.1.tlog
d:\我的工作\仿真\fastcombatsimulation\aircombat_demo\debug\aircombat_demo.tlog\link.write.1.tlog
