d:\project\fast-combat-simulation\aircombat_demo\x64\debug\vc141.pdb
d:\project\fast-combat-simulation\aircombat_demo\x64\debug\vc141.idb
d:\project\fast-combat-simulation\aircombat_demo\x64\debug\tool_function.obj
d:\project\fast-combat-simulation\aircombat_demo\x64\debug\joysticks.obj
d:\project\fast-combat-simulation\aircombat_demo\x64\debug\coordinate.obj
d:\project\fast-combat-simulation\aircombat_demo\x64\debug\tacviewserver_t.obj
d:\project\fast-combat-simulation\aircombat_demo\x64\debug\tacviewoutput.obj
d:\project\fast-combat-simulation\aircombat_demo\x64\debug\tacviewfile_t.obj
d:\project\fast-combat-simulation\aircombat_demo\x64\debug\missile.obj
d:\project\fast-combat-simulation\aircombat_demo\x64\debug\aircraft.obj
d:\project\fast-combat-simulation\aircombat_demo\x64\debug\aircombat_demo.obj
d:\project\fast-combat-simulation\aircombat_demo\x64\debug\unitdefine.obj
d:\project\fast-combat-simulation\x64\debug\aircombat_demo.exe
d:\project\fast-combat-simulation\x64\debug\aircombat_demo.ilk
d:\project\fast-combat-simulation\x64\debug\aircombat_demo.pdb
d:\project\fast-combat-simulation\aircombat_demo\x64\debug\aircombat_demo.tlog\cl.command.1.tlog
d:\project\fast-combat-simulation\aircombat_demo\x64\debug\aircombat_demo.tlog\cl.read.1.tlog
d:\project\fast-combat-simulation\aircombat_demo\x64\debug\aircombat_demo.tlog\cl.write.1.tlog
d:\project\fast-combat-simulation\aircombat_demo\x64\debug\aircombat_demo.tlog\link.command.1.tlog
d:\project\fast-combat-simulation\aircombat_demo\x64\debug\aircombat_demo.tlog\link.read.1.tlog
d:\project\fast-combat-simulation\aircombat_demo\x64\debug\aircombat_demo.tlog\link.write.1.tlog
